<?xml version="1.0" encoding="UTF-8"?>
<testng-results ignored="0" total="1" passed="1" failed="0" skipped="0">
  <reporter-output>
  </reporter-output>
  <suite started-at="2022-12-21T18:35:23 IST" name="Default suite" finished-at="2022-12-21T18:35:23 IST" duration-ms="32">
    <groups>
    </groups>
    <test started-at="2022-12-21T18:35:23 IST" name="Default test" finished-at="2022-12-21T18:35:23 IST" duration-ms="32">
      <class name="vTiger.Practise.ReadDataFromCmdline">
        <test-method signature="readData()[pri:0, instance:vTiger.Practise.ReadDataFromCmdline@5119fb47]" started-at="2022-12-21T18:35:23 IST" name="readData" finished-at="2022-12-21T18:35:23 IST" duration-ms="8" status="PASS">
          <reporter-output>
          </reporter-output>
        </test-method> <!-- readData -->
      </class> <!-- vTiger.Practise.ReadDataFromCmdline -->
    </test> <!-- Default test -->
  </suite> <!-- Default suite -->
</testng-results>
