<?xml version="1.0" encoding="UTF-8"?>
<testng-results ignored="0" total="1" passed="1" failed="0" skipped="0">
  <reporter-output>
    <line>
      <![CDATA[organisation is clicked]]>
    </line>
    <line>
      <![CDATA[create organisation lookup image is clicked]]>
    </line>
    <line>
      <![CDATA[organisation is createdInfosys85]]>
    </line>
    <line>
      <![CDATA[contacts link is clicked]]>
    </line>
    <line>
      <![CDATA[create contacts lookup image is clicked]]>
    </line>
    <line>
      <![CDATA[new contacts with organization is createdRay]]>
    </line>
  </reporter-output>
  <suite started-at="2022-12-21T17:39:55 IST" name="Default suite" finished-at="2022-12-21T17:40:59 IST" duration-ms="64294">
    <groups>
    </groups>
    <test started-at="2022-12-21T17:39:55 IST" name="Default test" finished-at="2022-12-21T17:40:59 IST" duration-ms="64294">
      <class name="vTiger.ContactTests.CreateContactsWithOrganisationUsingDDTTest">
        <test-method is-config="true" signature="bsConfig()[pri:0, instance:vTiger.ContactTests.CreateContactsWithOrganisationUsingDDTTest@79e2c065]" started-at="2022-12-21T17:39:55 IST" name="bsConfig" finished-at="2022-12-21T17:39:55 IST" duration-ms="21" status="PASS">
          <reporter-output>
          </reporter-output>
        </test-method> <!-- bsConfig -->
        <test-method is-config="true" signature="bcConfig()[pri:0, instance:vTiger.ContactTests.CreateContactsWithOrganisationUsingDDTTest@79e2c065]" started-at="2022-12-21T17:39:56 IST" name="bcConfig" finished-at="2022-12-21T17:40:07 IST" duration-ms="11422" status="PASS">
          <reporter-output>
          </reporter-output>
        </test-method> <!-- bcConfig -->
        <test-method is-config="true" signature="bmConfig()[pri:0, instance:vTiger.ContactTests.CreateContactsWithOrganisationUsingDDTTest@79e2c065]" started-at="2022-12-21T17:40:07 IST" name="bmConfig" finished-at="2022-12-21T17:40:18 IST" duration-ms="10466" status="PASS">
          <reporter-output>
          </reporter-output>
        </test-method> <!-- bmConfig -->
        <test-method signature="createContactsWithOrgTest()[pri:0, instance:vTiger.ContactTests.CreateContactsWithOrganisationUsingDDTTest@79e2c065]" started-at="2022-12-21T17:40:18 IST" name="createContactsWithOrgTest" finished-at="2022-12-21T17:40:57 IST" duration-ms="39104" status="PASS">
          <reporter-output>
            <line>
              <![CDATA[organisation is clicked]]>
            </line>
            <line>
              <![CDATA[create organisation lookup image is clicked]]>
            </line>
            <line>
              <![CDATA[organisation is createdInfosys85]]>
            </line>
            <line>
              <![CDATA[contacts link is clicked]]>
            </line>
            <line>
              <![CDATA[create contacts lookup image is clicked]]>
            </line>
            <line>
              <![CDATA[new contacts with organization is createdRay]]>
            </line>
          </reporter-output>
        </test-method> <!-- createContactsWithOrgTest -->
        <test-method is-config="true" signature="amConfig()[pri:0, instance:vTiger.ContactTests.CreateContactsWithOrganisationUsingDDTTest@79e2c065]" started-at="2022-12-21T17:40:57 IST" name="amConfig" finished-at="2022-12-21T17:40:59 IST" duration-ms="2551" status="PASS">
          <reporter-output>
          </reporter-output>
        </test-method> <!-- amConfig -->
        <test-method is-config="true" signature="acConfig()[pri:0, instance:vTiger.ContactTests.CreateContactsWithOrganisationUsingDDTTest@79e2c065]" started-at="2022-12-21T17:40:59 IST" name="acConfig" finished-at="2022-12-21T17:40:59 IST" duration-ms="1" status="PASS">
          <reporter-output>
          </reporter-output>
        </test-method> <!-- acConfig -->
        <test-method is-config="true" signature="asConfig()[pri:0, instance:vTiger.ContactTests.CreateContactsWithOrganisationUsingDDTTest@79e2c065]" started-at="2022-12-21T17:41:01 IST" name="asConfig" finished-at="2022-12-21T17:41:01 IST" duration-ms="0" status="PASS">
          <reporter-output>
          </reporter-output>
        </test-method> <!-- asConfig -->
      </class> <!-- vTiger.ContactTests.CreateContactsWithOrganisationUsingDDTTest -->
    </test> <!-- Default test -->
  </suite> <!-- Default suite -->
</testng-results>
